2026-05-17 13:58:12 - INFO - train: 180887, valid: 7703, test: 20170
2026-05-17 14:01:05 - INFO - epoch-0, train_loss-6.5563, train_rmse-2.5605, valid_rmse-1.0446, valid_pr-0.4568
2026-05-17 14:04:00 - INFO - epoch-1, train_loss-1.5499, train_rmse-1.2450, valid_rmse-0.9940, valid_pr-0.5218
2026-05-17 14:06:48 - INFO - epoch-2, train_loss-1.3059, train_rmse-1.1427, valid_rmse-0.9752, valid_pr-0.5520
2026-05-17 14:09:35 - INFO - epoch-3, train_loss-1.1646, train_rmse-1.0792, valid_rmse-0.9183, valid_pr-0.6150
2026-05-17 14:12:25 - INFO - epoch-4, train_loss-1.0524, train_rmse-1.0258, valid_rmse-0.9023, valid_pr-0.6349
2026-05-17 14:15:22 - INFO - epoch-5, train_loss-0.9617, train_rmse-0.9807, valid_rmse-0.8722, valid_pr-0.6699
2026-05-17 14:18:18 - INFO - epoch-6, train_loss-0.8853, train_rmse-0.9409, valid_rmse-0.8283, valid_pr-0.7084
2026-05-17 14:21:09 - INFO - epoch-7, train_loss-0.8200, train_rmse-0.9056, valid_rmse-0.8040, valid_pr-0.7250
2026-05-17 14:24:02 - INFO - epoch-8, train_loss-0.7678, train_rmse-0.8762, valid_rmse-0.7804, valid_pr-0.7428
2026-05-17 14:26:50 - INFO - epoch-9, train_loss-0.7270, train_rmse-0.8526, valid_rmse-0.7638, valid_pr-0.7570
2026-05-17 14:29:40 - INFO - epoch-10, train_loss-0.6895, train_rmse-0.8304, valid_rmse-0.7606, valid_pr-0.7573
2026-05-17 14:32:29 - INFO - epoch-11, train_loss-0.6582, train_rmse-0.8113, valid_rmse-0.7459, valid_pr-0.7717
2026-05-17 14:35:17 - INFO - epoch-12, train_loss-0.6312, train_rmse-0.7945, valid_rmse-0.7395, valid_pr-0.7749
2026-05-17 14:38:07 - INFO - epoch-13, train_loss-0.6070, train_rmse-0.7791, valid_rmse-0.7276, valid_pr-0.7826
2026-05-17 14:40:58 - INFO - epoch-14, train_loss-0.5862, train_rmse-0.7656, valid_rmse-0.7489, valid_pr-0.7761
2026-05-17 14:43:54 - INFO - epoch-15, train_loss-0.5682, train_rmse-0.7538, valid_rmse-0.7275, valid_pr-0.7891
2026-05-17 14:46:47 - INFO - epoch-16, train_loss-0.5501, train_rmse-0.7417, valid_rmse-0.7191, valid_pr-0.7906
2026-05-17 14:49:40 - INFO - epoch-17, train_loss-0.5355, train_rmse-0.7318, valid_rmse-0.7171, valid_pr-0.7919
2026-05-17 14:52:41 - INFO - epoch-18, train_loss-0.5202, train_rmse-0.7213, valid_rmse-0.7028, valid_pr-0.7990
2026-05-17 14:55:43 - INFO - epoch-19, train_loss-0.5053, train_rmse-0.7109, valid_rmse-0.7186, valid_pr-0.8012
2026-05-17 14:58:48 - INFO - epoch-20, train_loss-0.4917, train_rmse-0.7012, valid_rmse-0.7149, valid_pr-0.8057
2026-05-17 15:01:47 - INFO - epoch-21, train_loss-0.4829, train_rmse-0.6949, valid_rmse-0.6981, valid_pr-0.8043
2026-05-17 15:04:46 - INFO - epoch-22, train_loss-0.4724, train_rmse-0.6873, valid_rmse-0.6912, valid_pr-0.8066
2026-05-17 15:07:44 - INFO - epoch-23, train_loss-0.4627, train_rmse-0.6802, valid_rmse-0.6933, valid_pr-0.8059
2026-05-17 15:10:53 - INFO - epoch-24, train_loss-0.4520, train_rmse-0.6723, valid_rmse-0.7021, valid_pr-0.8077
2026-05-17 15:13:43 - INFO - epoch-25, train_loss-0.4428, train_rmse-0.6654, valid_rmse-0.6882, valid_pr-0.8103
2026-05-17 15:16:39 - INFO - epoch-26, train_loss-0.4378, train_rmse-0.6616, valid_rmse-0.6868, valid_pr-0.8104
2026-05-17 15:19:47 - INFO - epoch-27, train_loss-0.4307, train_rmse-0.6563, valid_rmse-0.6860, valid_pr-0.8089
2026-05-17 15:23:29 - INFO - epoch-28, train_loss-0.4245, train_rmse-0.6516, valid_rmse-0.6885, valid_pr-0.8102
2026-05-17 15:27:56 - INFO - epoch-29, train_loss-0.4153, train_rmse-0.6444, valid_rmse-0.6942, valid_pr-0.8125
2026-05-17 15:31:24 - INFO - epoch-30, train_loss-0.4115, train_rmse-0.6415, valid_rmse-0.6803, valid_pr-0.8139
2026-05-17 15:34:30 - INFO - epoch-31, train_loss-0.4043, train_rmse-0.6358, valid_rmse-0.7027, valid_pr-0.8141
2026-05-17 15:37:57 - INFO - epoch-32, train_loss-0.3993, train_rmse-0.6319, valid_rmse-0.6989, valid_pr-0.8159
2026-05-17 15:40:53 - INFO - epoch-33, train_loss-0.3921, train_rmse-0.6262, valid_rmse-0.6952, valid_pr-0.8147
2026-05-17 15:43:49 - INFO - epoch-34, train_loss-0.3879, train_rmse-0.6228, valid_rmse-0.6840, valid_pr-0.8146
2026-05-17 15:46:44 - INFO - epoch-35, train_loss-0.3849, train_rmse-0.6204, valid_rmse-0.6816, valid_pr-0.8129
2026-05-17 15:49:41 - INFO - epoch-36, train_loss-0.3771, train_rmse-0.6141, valid_rmse-0.6839, valid_pr-0.8151
2026-05-17 15:52:38 - INFO - epoch-37, train_loss-0.3754, train_rmse-0.6127, valid_rmse-0.6912, valid_pr-0.8110
2026-05-17 15:55:28 - INFO - epoch-38, train_loss-0.3675, train_rmse-0.6062, valid_rmse-0.6721, valid_pr-0.8212
2026-05-17 15:58:20 - INFO - epoch-39, train_loss-0.3650, train_rmse-0.6042, valid_rmse-0.6960, valid_pr-0.8180
2026-05-17 16:01:13 - INFO - epoch-40, train_loss-0.3628, train_rmse-0.6023, valid_rmse-0.7052, valid_pr-0.8144
2026-05-17 16:04:07 - INFO - epoch-41, train_loss-0.3562, train_rmse-0.5968, valid_rmse-0.6775, valid_pr-0.8180
2026-05-17 16:07:13 - INFO - epoch-42, train_loss-0.3545, train_rmse-0.5954, valid_rmse-0.6760, valid_pr-0.8185
2026-05-17 16:10:12 - INFO - epoch-43, train_loss-0.3482, train_rmse-0.5901, valid_rmse-0.6798, valid_pr-0.8168
2026-05-17 16:13:10 - INFO - epoch-44, train_loss-0.3444, train_rmse-0.5869, valid_rmse-0.6637, valid_pr-0.8237
2026-05-17 16:16:07 - INFO - epoch-45, train_loss-0.3440, train_rmse-0.5865, valid_rmse-0.6867, valid_pr-0.8149
2026-05-17 16:19:09 - INFO - epoch-46, train_loss-0.3384, train_rmse-0.5817, valid_rmse-0.6888, valid_pr-0.8154
2026-05-17 16:22:14 - INFO - epoch-47, train_loss-0.3398, train_rmse-0.5829, valid_rmse-0.6911, valid_pr-0.8146
2026-05-17 16:25:10 - INFO - epoch-48, train_loss-0.3331, train_rmse-0.5772, valid_rmse-0.6664, valid_pr-0.8208
2026-05-17 16:28:08 - INFO - epoch-49, train_loss-0.3307, train_rmse-0.5750, valid_rmse-0.7069, valid_pr-0.8192
2026-05-17 16:31:03 - INFO - epoch-50, train_loss-0.3269, train_rmse-0.5718, valid_rmse-0.6684, valid_pr-0.8223
2026-05-17 16:33:57 - INFO - epoch-51, train_loss-0.3254, train_rmse-0.5705, valid_rmse-0.6721, valid_pr-0.8215
2026-05-17 16:36:48 - INFO - epoch-52, train_loss-0.3229, train_rmse-0.5682, valid_rmse-0.6791, valid_pr-0.8149
2026-05-17 16:39:42 - INFO - epoch-53, train_loss-0.3216, train_rmse-0.5671, valid_rmse-0.6903, valid_pr-0.8218
2026-05-17 16:42:34 - INFO - epoch-54, train_loss-0.3186, train_rmse-0.5645, valid_rmse-0.6880, valid_pr-0.8179
2026-05-17 16:45:27 - INFO - epoch-55, train_loss-0.3161, train_rmse-0.5622, valid_rmse-0.6731, valid_pr-0.8213
2026-05-17 16:48:22 - INFO - epoch-56, train_loss-0.3125, train_rmse-0.5590, valid_rmse-0.6798, valid_pr-0.8231
2026-05-17 16:51:14 - INFO - epoch-57, train_loss-0.3108, train_rmse-0.5575, valid_rmse-0.6700, valid_pr-0.8196
2026-05-17 16:54:07 - INFO - epoch-58, train_loss-0.3098, train_rmse-0.5566, valid_rmse-0.6739, valid_pr-0.8220
2026-05-17 16:56:59 - INFO - epoch-59, train_loss-0.3053, train_rmse-0.5526, valid_rmse-0.6671, valid_pr-0.8208
2026-05-17 16:59:51 - INFO - epoch-60, train_loss-0.3040, train_rmse-0.5513, valid_rmse-0.6603, valid_pr-0.8252
2026-05-17 17:02:45 - INFO - epoch-61, train_loss-0.3043, train_rmse-0.5517, valid_rmse-0.6671, valid_pr-0.8242
2026-05-17 17:05:38 - INFO - epoch-62, train_loss-0.3029, train_rmse-0.5504, valid_rmse-0.6544, valid_pr-0.8274
2026-05-17 17:08:34 - INFO - epoch-63, train_loss-0.2987, train_rmse-0.5465, valid_rmse-0.6864, valid_pr-0.8211
2026-05-17 17:11:30 - INFO - epoch-64, train_loss-0.2956, train_rmse-0.5437, valid_rmse-0.6800, valid_pr-0.8163
2026-05-17 17:14:25 - INFO - epoch-65, train_loss-0.2957, train_rmse-0.5438, valid_rmse-0.6816, valid_pr-0.8165
2026-05-17 17:17:20 - INFO - epoch-66, train_loss-0.2933, train_rmse-0.5416, valid_rmse-0.6794, valid_pr-0.8200
2026-05-17 17:20:16 - INFO - epoch-67, train_loss-0.2917, train_rmse-0.5401, valid_rmse-0.6869, valid_pr-0.8213
2026-05-17 17:23:11 - INFO - epoch-68, train_loss-0.2918, train_rmse-0.5402, valid_rmse-0.6804, valid_pr-0.8172
2026-05-17 17:26:05 - INFO - epoch-69, train_loss-0.2878, train_rmse-0.5365, valid_rmse-0.6624, valid_pr-0.8241
2026-05-17 17:29:03 - INFO - epoch-70, train_loss-0.2865, train_rmse-0.5353, valid_rmse-0.6664, valid_pr-0.8227
2026-05-17 17:31:54 - INFO - epoch-71, train_loss-0.2870, train_rmse-0.5357, valid_rmse-0.6640, valid_pr-0.8246
2026-05-17 17:34:47 - INFO - epoch-72, train_loss-0.2831, train_rmse-0.5321, valid_rmse-0.6825, valid_pr-0.8211
2026-05-17 17:37:39 - INFO - epoch-73, train_loss-0.2807, train_rmse-0.5298, valid_rmse-0.6758, valid_pr-0.8210
2026-05-17 17:40:31 - INFO - epoch-74, train_loss-0.2800, train_rmse-0.5292, valid_rmse-0.6771, valid_pr-0.8207
2026-05-17 17:43:24 - INFO - epoch-75, train_loss-0.2800, train_rmse-0.5292, valid_rmse-0.6653, valid_pr-0.8233
2026-05-17 17:46:16 - INFO - epoch-76, train_loss-0.2759, train_rmse-0.5253, valid_rmse-0.6781, valid_pr-0.8160
2026-05-17 17:49:09 - INFO - epoch-77, train_loss-0.2774, train_rmse-0.5267, valid_rmse-0.6777, valid_pr-0.8219
2026-05-17 17:52:03 - INFO - epoch-78, train_loss-0.2754, train_rmse-0.5248, valid_rmse-0.6631, valid_pr-0.8249
2026-05-17 17:54:54 - INFO - epoch-79, train_loss-0.2746, train_rmse-0.5241, valid_rmse-0.6670, valid_pr-0.8226
2026-05-17 17:57:51 - INFO - epoch-80, train_loss-0.2722, train_rmse-0.5217, valid_rmse-0.6768, valid_pr-0.8232
2026-05-17 18:00:43 - INFO - epoch-81, train_loss-0.2718, train_rmse-0.5214, valid_rmse-0.6617, valid_pr-0.8253
2026-05-17 18:03:38 - INFO - epoch-82, train_loss-0.2683, train_rmse-0.5180, valid_rmse-0.6632, valid_pr-0.8239
2026-05-17 18:06:33 - INFO - epoch-83, train_loss-0.2691, train_rmse-0.5188, valid_rmse-0.6595, valid_pr-0.8260
2026-05-17 18:09:27 - INFO - epoch-84, train_loss-0.2669, train_rmse-0.5166, valid_rmse-0.6573, valid_pr-0.8294
2026-05-17 18:12:18 - INFO - epoch-85, train_loss-0.2648, train_rmse-0.5145, valid_rmse-0.6767, valid_pr-0.8191
2026-05-17 18:15:10 - INFO - epoch-86, train_loss-0.2637, train_rmse-0.5135, valid_rmse-0.6724, valid_pr-0.8266
2026-05-17 18:18:02 - INFO - epoch-87, train_loss-0.2648, train_rmse-0.5146, valid_rmse-0.6734, valid_pr-0.8248
2026-05-17 18:20:52 - INFO - epoch-88, train_loss-0.2632, train_rmse-0.5130, valid_rmse-0.6719, valid_pr-0.8257
2026-05-17 18:23:44 - INFO - epoch-89, train_loss-0.2638, train_rmse-0.5137, valid_rmse-0.6671, valid_pr-0.8230
2026-05-17 18:26:36 - INFO - epoch-90, train_loss-0.2599, train_rmse-0.5098, valid_rmse-0.6633, valid_pr-0.8251
2026-05-17 18:29:27 - INFO - epoch-91, train_loss-0.2597, train_rmse-0.5096, valid_rmse-0.6687, valid_pr-0.8193
2026-05-17 18:32:17 - INFO - epoch-92, train_loss-0.2565, train_rmse-0.5065, valid_rmse-0.6723, valid_pr-0.8214
2026-05-17 18:35:09 - INFO - epoch-93, train_loss-0.2568, train_rmse-0.5068, valid_rmse-0.6649, valid_pr-0.8276
2026-05-17 18:38:05 - INFO - epoch-94, train_loss-0.2562, train_rmse-0.5062, valid_rmse-0.6622, valid_pr-0.8254
2026-05-17 18:40:56 - INFO - epoch-95, train_loss-0.2564, train_rmse-0.5064, valid_rmse-0.6708, valid_pr-0.8248
2026-05-17 18:43:48 - INFO - epoch-96, train_loss-0.2553, train_rmse-0.5053, valid_rmse-0.6639, valid_pr-0.8256
2026-05-17 18:46:42 - INFO - epoch-97, train_loss-0.2535, train_rmse-0.5035, valid_rmse-0.6760, valid_pr-0.8263
2026-05-17 18:49:39 - INFO - epoch-98, train_loss-0.2535, train_rmse-0.5035, valid_rmse-0.6840, valid_pr-0.8159
2026-05-17 18:52:37 - INFO - epoch-99, train_loss-0.2537, train_rmse-0.5036, valid_rmse-0.6656, valid_pr-0.8279
2026-05-17 18:55:42 - INFO - epoch-100, train_loss-0.2513, train_rmse-0.5013, valid_rmse-0.6753, valid_pr-0.8234
2026-05-17 18:58:52 - INFO - epoch-101, train_loss-0.2507, train_rmse-0.5007, valid_rmse-0.6736, valid_pr-0.8219
2026-05-17 19:02:01 - INFO - epoch-102, train_loss-0.2480, train_rmse-0.4980, valid_rmse-0.6656, valid_pr-0.8276
2026-05-17 19:04:57 - INFO - epoch-103, train_loss-0.2497, train_rmse-0.4997, valid_rmse-0.6721, valid_pr-0.8253
2026-05-17 19:07:55 - INFO - epoch-104, train_loss-0.2473, train_rmse-0.4973, valid_rmse-0.6687, valid_pr-0.8271
2026-05-17 19:10:56 - INFO - epoch-105, train_loss-0.2460, train_rmse-0.4960, valid_rmse-0.6708, valid_pr-0.8280
2026-05-17 19:14:01 - INFO - epoch-106, train_loss-0.2478, train_rmse-0.4978, valid_rmse-0.6722, valid_pr-0.8242
2026-05-17 19:16:58 - INFO - epoch-107, train_loss-0.2449, train_rmse-0.4949, valid_rmse-0.6602, valid_pr-0.8283
2026-05-17 19:19:50 - INFO - epoch-108, train_loss-0.2456, train_rmse-0.4956, valid_rmse-0.6646, valid_pr-0.8270
2026-05-17 19:22:47 - INFO - epoch-109, train_loss-0.2422, train_rmse-0.4922, valid_rmse-0.6706, valid_pr-0.8268
2026-05-17 19:25:45 - INFO - epoch-110, train_loss-0.2447, train_rmse-0.4947, valid_rmse-0.6942, valid_pr-0.8257
2026-05-17 19:28:43 - INFO - epoch-111, train_loss-0.2425, train_rmse-0.4924, valid_rmse-0.6595, valid_pr-0.8283
2026-05-17 19:31:36 - INFO - epoch-112, train_loss-0.2402, train_rmse-0.4901, valid_rmse-0.6605, valid_pr-0.8248
2026-05-17 19:34:38 - INFO - epoch-113, train_loss-0.2401, train_rmse-0.4900, valid_rmse-0.6733, valid_pr-0.8228
2026-05-17 19:37:35 - INFO - epoch-114, train_loss-0.2426, train_rmse-0.4925, valid_rmse-0.6739, valid_pr-0.8235
2026-05-17 19:40:24 - INFO - epoch-115, train_loss-0.2383, train_rmse-0.4881, valid_rmse-0.6632, valid_pr-0.8269
2026-05-17 19:43:17 - INFO - epoch-116, train_loss-0.2389, train_rmse-0.4888, valid_rmse-0.6688, valid_pr-0.8287
2026-05-17 19:46:11 - INFO - epoch-117, train_loss-0.2375, train_rmse-0.4874, valid_rmse-0.6760, valid_pr-0.8242
2026-05-17 19:49:07 - INFO - epoch-118, train_loss-0.2374, train_rmse-0.4872, valid_rmse-0.6606, valid_pr-0.8285
2026-05-17 19:52:01 - INFO - epoch-119, train_loss-0.2352, train_rmse-0.4850, valid_rmse-0.6685, valid_pr-0.8289
2026-05-17 19:55:01 - INFO - epoch-120, train_loss-0.2360, train_rmse-0.4858, valid_rmse-0.6627, valid_pr-0.8249
2026-05-17 19:57:54 - INFO - epoch-121, train_loss-0.2351, train_rmse-0.4848, valid_rmse-0.6623, valid_pr-0.8260
2026-05-17 20:00:47 - INFO - epoch-122, train_loss-0.2360, train_rmse-0.4858, valid_rmse-0.6685, valid_pr-0.8288
2026-05-17 20:03:42 - INFO - epoch-123, train_loss-0.2345, train_rmse-0.4842, valid_rmse-0.6743, valid_pr-0.8266
2026-05-17 20:06:36 - INFO - epoch-124, train_loss-0.2338, train_rmse-0.4836, valid_rmse-0.6584, valid_pr-0.8271
2026-05-17 20:09:28 - INFO - epoch-125, train_loss-0.2329, train_rmse-0.4826, valid_rmse-0.6618, valid_pr-0.8296
2026-05-17 20:12:21 - INFO - epoch-126, train_loss-0.2337, train_rmse-0.4834, valid_rmse-0.6829, valid_pr-0.8211
2026-05-17 20:15:13 - INFO - epoch-127, train_loss-0.2338, train_rmse-0.4835, valid_rmse-0.6741, valid_pr-0.8260
2026-05-17 20:18:08 - INFO - epoch-128, train_loss-0.2316, train_rmse-0.4812, valid_rmse-0.6626, valid_pr-0.8249
2026-05-17 20:21:07 - INFO - epoch-129, train_loss-0.2311, train_rmse-0.4807, valid_rmse-0.6686, valid_pr-0.8209
2026-05-17 20:24:01 - INFO - epoch-130, train_loss-0.2280, train_rmse-0.4775, valid_rmse-0.6668, valid_pr-0.8268
2026-05-17 20:27:16 - INFO - epoch-131, train_loss-0.2281, train_rmse-0.4776, valid_rmse-0.6718, valid_pr-0.8240
2026-05-17 20:30:13 - INFO - epoch-132, train_loss-0.2311, train_rmse-0.4807, valid_rmse-0.6740, valid_pr-0.8227
2026-05-17 20:33:23 - INFO - epoch-133, train_loss-0.2287, train_rmse-0.4782, valid_rmse-0.6597, valid_pr-0.8281
2026-05-17 20:36:20 - INFO - epoch-134, train_loss-0.2300, train_rmse-0.4796, valid_rmse-0.6685, valid_pr-0.8259
2026-05-17 20:39:19 - INFO - epoch-135, train_loss-0.2270, train_rmse-0.4764, valid_rmse-0.6617, valid_pr-0.8277
2026-05-17 20:42:17 - INFO - epoch-136, train_loss-0.2245, train_rmse-0.4738, valid_rmse-0.6728, valid_pr-0.8252
2026-05-17 20:45:10 - INFO - epoch-137, train_loss-0.2246, train_rmse-0.4739, valid_rmse-0.6754, valid_pr-0.8241
2026-05-17 20:48:05 - INFO - epoch-138, train_loss-0.2251, train_rmse-0.4744, valid_rmse-0.6565, valid_pr-0.8308
2026-05-17 20:50:57 - INFO - epoch-139, train_loss-0.2235, train_rmse-0.4728, valid_rmse-0.6653, valid_pr-0.8285
2026-05-17 20:53:53 - INFO - epoch-140, train_loss-0.2236, train_rmse-0.4728, valid_rmse-0.6576, valid_pr-0.8277
2026-05-17 20:56:45 - INFO - epoch-141, train_loss-0.2235, train_rmse-0.4728, valid_rmse-0.6639, valid_pr-0.8268
2026-05-17 20:59:37 - INFO - epoch-142, train_loss-0.2226, train_rmse-0.4719, valid_rmse-0.6682, valid_pr-0.8238
2026-05-17 21:02:30 - INFO - epoch-143, train_loss-0.2222, train_rmse-0.4714, valid_rmse-0.6637, valid_pr-0.8294
2026-05-17 21:05:30 - INFO - epoch-144, train_loss-0.2235, train_rmse-0.4728, valid_rmse-0.6635, valid_pr-0.8278
2026-05-17 21:08:31 - INFO - epoch-145, train_loss-0.2214, train_rmse-0.4706, valid_rmse-0.6666, valid_pr-0.8273
2026-05-17 21:11:25 - INFO - epoch-146, train_loss-0.2225, train_rmse-0.4717, valid_rmse-0.6731, valid_pr-0.8205
2026-05-17 21:14:36 - INFO - epoch-147, train_loss-0.2210, train_rmse-0.4701, valid_rmse-0.6584, valid_pr-0.8270
2026-05-17 21:17:36 - INFO - epoch-148, train_loss-0.2206, train_rmse-0.4697, valid_rmse-0.6635, valid_pr-0.8272
2026-05-17 21:20:32 - INFO - epoch-149, train_loss-0.2202, train_rmse-0.4692, valid_rmse-0.6634, valid_pr-0.8268
2026-05-17 21:23:37 - INFO - epoch-150, train_loss-0.2189, train_rmse-0.4678, valid_rmse-0.6724, valid_pr-0.8278
2026-05-17 21:26:43 - INFO - epoch-151, train_loss-0.2192, train_rmse-0.4682, valid_rmse-0.6597, valid_pr-0.8285
2026-05-17 21:29:43 - INFO - epoch-152, train_loss-0.2184, train_rmse-0.4674, valid_rmse-0.6567, valid_pr-0.8301
2026-05-17 21:32:46 - INFO - epoch-153, train_loss-0.2197, train_rmse-0.4687, valid_rmse-0.6632, valid_pr-0.8291
2026-05-17 21:35:48 - INFO - epoch-154, train_loss-0.2160, train_rmse-0.4647, valid_rmse-0.6564, valid_pr-0.8286
2026-05-17 21:38:46 - INFO - epoch-155, train_loss-0.2173, train_rmse-0.4661, valid_rmse-0.6864, valid_pr-0.8148
2026-05-17 21:41:44 - INFO - epoch-156, train_loss-0.2179, train_rmse-0.4667, valid_rmse-0.6644, valid_pr-0.8267
2026-05-17 21:44:43 - INFO - epoch-157, train_loss-0.2165, train_rmse-0.4653, valid_rmse-0.6653, valid_pr-0.8241
2026-05-17 21:47:47 - INFO - epoch-158, train_loss-0.2161, train_rmse-0.4648, valid_rmse-0.6636, valid_pr-0.8251
2026-05-17 21:50:45 - INFO - epoch-159, train_loss-0.2160, train_rmse-0.4647, valid_rmse-0.6655, valid_pr-0.8257
2026-05-17 21:53:43 - INFO - epoch-160, train_loss-0.2137, train_rmse-0.4623, valid_rmse-0.6645, valid_pr-0.8261
2026-05-17 21:56:49 - INFO - epoch-161, train_loss-0.2142, train_rmse-0.4629, valid_rmse-0.6659, valid_pr-0.8224
2026-05-17 21:59:59 - INFO - epoch-162, train_loss-0.2127, train_rmse-0.4612, valid_rmse-0.6714, valid_pr-0.8238
2026-05-17 22:02:56 - INFO - epoch-163, train_loss-0.2146, train_rmse-0.4632, valid_rmse-0.6684, valid_pr-0.8227
2026-05-17 22:02:56 - INFO - early stop in epoch 163
2026-05-17 22:02:56 - INFO - best_rmse: 0.6544
2026-05-17 22:03:45 - INFO - valid_rmse-0.6544, valid_pr-0.8274, test_rmse-0.7642, test_pr-0.7605
2026-05-17 22:03:45 - INFO - Test predictions saved to ./model/20260517_135812_GIGN_repeat1/model/test_predictions.csv
