2026-05-16 21:38:22 - INFO - train: 180887, valid: 7703, test: 20170
2026-05-16 22:05:17 - INFO - epoch-0, train_loss-6.4997, train_rmse-2.5495, valid_rmse-1.0323, valid_pr-0.4771
2026-05-16 22:08:15 - INFO - epoch-1, train_loss-1.5195, train_rmse-1.2327, valid_rmse-0.9973, valid_pr-0.5255
2026-05-16 22:11:13 - INFO - epoch-2, train_loss-1.2978, train_rmse-1.1392, valid_rmse-0.9710, valid_pr-0.5568
2026-05-16 22:14:10 - INFO - epoch-3, train_loss-1.1345, train_rmse-1.0651, valid_rmse-0.9224, valid_pr-0.6107
2026-05-16 22:17:06 - INFO - epoch-4, train_loss-1.0194, train_rmse-1.0096, valid_rmse-0.8922, valid_pr-0.6474
2026-05-16 22:20:04 - INFO - epoch-5, train_loss-0.9364, train_rmse-0.9677, valid_rmse-0.8519, valid_pr-0.6824
2026-05-16 22:22:58 - INFO - epoch-6, train_loss-0.8637, train_rmse-0.9293, valid_rmse-0.8454, valid_pr-0.7040
2026-05-16 22:25:56 - INFO - epoch-7, train_loss-0.8044, train_rmse-0.8969, valid_rmse-0.7938, valid_pr-0.7341
2026-05-16 22:28:48 - INFO - epoch-8, train_loss-0.7589, train_rmse-0.8711, valid_rmse-0.7945, valid_pr-0.7398
2026-05-16 22:31:41 - INFO - epoch-9, train_loss-0.7175, train_rmse-0.8471, valid_rmse-0.7704, valid_pr-0.7507
2026-05-16 22:34:41 - INFO - epoch-10, train_loss-0.6841, train_rmse-0.8271, valid_rmse-0.7587, valid_pr-0.7608
2026-05-16 22:37:41 - INFO - epoch-11, train_loss-0.6528, train_rmse-0.8080, valid_rmse-0.7528, valid_pr-0.7670
2026-05-16 22:40:41 - INFO - epoch-12, train_loss-0.6268, train_rmse-0.7917, valid_rmse-0.7415, valid_pr-0.7769
2026-05-16 22:43:41 - INFO - epoch-13, train_loss-0.6040, train_rmse-0.7772, valid_rmse-0.7283, valid_pr-0.7816
2026-05-16 22:46:38 - INFO - epoch-14, train_loss-0.5826, train_rmse-0.7633, valid_rmse-0.7214, valid_pr-0.7856
2026-05-16 22:49:32 - INFO - epoch-15, train_loss-0.5639, train_rmse-0.7509, valid_rmse-0.7162, valid_pr-0.7908
2026-05-16 22:52:28 - INFO - epoch-16, train_loss-0.5477, train_rmse-0.7401, valid_rmse-0.7143, valid_pr-0.7935
2026-05-16 22:55:21 - INFO - epoch-17, train_loss-0.5330, train_rmse-0.7301, valid_rmse-0.7064, valid_pr-0.7959
2026-05-16 22:58:13 - INFO - epoch-18, train_loss-0.5170, train_rmse-0.7190, valid_rmse-0.7107, valid_pr-0.7958
2026-05-16 23:01:04 - INFO - epoch-19, train_loss-0.5054, train_rmse-0.7109, valid_rmse-0.7073, valid_pr-0.7963
2026-05-16 23:03:55 - INFO - epoch-20, train_loss-0.4901, train_rmse-0.7000, valid_rmse-0.7023, valid_pr-0.8014
2026-05-16 23:06:47 - INFO - epoch-21, train_loss-0.4815, train_rmse-0.6939, valid_rmse-0.7074, valid_pr-0.8034
2026-05-16 23:09:38 - INFO - epoch-22, train_loss-0.4745, train_rmse-0.6888, valid_rmse-0.6879, valid_pr-0.8099
2026-05-16 23:12:31 - INFO - epoch-23, train_loss-0.4627, train_rmse-0.6802, valid_rmse-0.6942, valid_pr-0.8044
2026-05-16 23:15:25 - INFO - epoch-24, train_loss-0.4557, train_rmse-0.6750, valid_rmse-0.7108, valid_pr-0.8039
2026-05-16 23:18:18 - INFO - epoch-25, train_loss-0.4458, train_rmse-0.6677, valid_rmse-0.6972, valid_pr-0.8068
2026-05-16 23:21:12 - INFO - epoch-26, train_loss-0.4387, train_rmse-0.6623, valid_rmse-0.7013, valid_pr-0.8114
2026-05-16 23:24:11 - INFO - epoch-27, train_loss-0.4306, train_rmse-0.6562, valid_rmse-0.6907, valid_pr-0.8128
2026-05-16 23:27:12 - INFO - epoch-28, train_loss-0.4259, train_rmse-0.6526, valid_rmse-0.6915, valid_pr-0.8091
2026-05-16 23:30:07 - INFO - epoch-29, train_loss-0.4182, train_rmse-0.6467, valid_rmse-0.6957, valid_pr-0.8128
2026-05-16 23:33:01 - INFO - epoch-30, train_loss-0.4139, train_rmse-0.6433, valid_rmse-0.6842, valid_pr-0.8117
2026-05-16 23:35:55 - INFO - epoch-31, train_loss-0.4066, train_rmse-0.6376, valid_rmse-0.7027, valid_pr-0.8112
2026-05-16 23:38:51 - INFO - epoch-32, train_loss-0.4004, train_rmse-0.6328, valid_rmse-0.6964, valid_pr-0.8111
2026-05-16 23:41:44 - INFO - epoch-33, train_loss-0.3936, train_rmse-0.6274, valid_rmse-0.6807, valid_pr-0.8128
2026-05-16 23:44:38 - INFO - epoch-34, train_loss-0.3889, train_rmse-0.6236, valid_rmse-0.6998, valid_pr-0.8103
2026-05-16 23:47:33 - INFO - epoch-35, train_loss-0.3864, train_rmse-0.6216, valid_rmse-0.6836, valid_pr-0.8125
2026-05-16 23:50:27 - INFO - epoch-36, train_loss-0.3787, train_rmse-0.6153, valid_rmse-0.6947, valid_pr-0.8130
2026-05-16 23:53:26 - INFO - epoch-37, train_loss-0.3776, train_rmse-0.6145, valid_rmse-0.6820, valid_pr-0.8129
2026-05-16 23:56:26 - INFO - epoch-38, train_loss-0.3723, train_rmse-0.6101, valid_rmse-0.6848, valid_pr-0.8128
2026-05-16 23:59:24 - INFO - epoch-39, train_loss-0.3675, train_rmse-0.6062, valid_rmse-0.7061, valid_pr-0.8154
2026-05-17 00:02:24 - INFO - epoch-40, train_loss-0.3639, train_rmse-0.6032, valid_rmse-0.6794, valid_pr-0.8142
2026-05-17 00:05:20 - INFO - epoch-41, train_loss-0.3624, train_rmse-0.6020, valid_rmse-0.6775, valid_pr-0.8195
2026-05-17 00:08:11 - INFO - epoch-42, train_loss-0.3561, train_rmse-0.5967, valid_rmse-0.6823, valid_pr-0.8150
2026-05-17 00:11:05 - INFO - epoch-43, train_loss-0.3542, train_rmse-0.5951, valid_rmse-0.6719, valid_pr-0.8172
2026-05-17 00:13:56 - INFO - epoch-44, train_loss-0.3501, train_rmse-0.5917, valid_rmse-0.6874, valid_pr-0.8199
2026-05-17 00:16:45 - INFO - epoch-45, train_loss-0.3474, train_rmse-0.5894, valid_rmse-0.6787, valid_pr-0.8221
2026-05-17 00:19:36 - INFO - epoch-46, train_loss-0.3434, train_rmse-0.5860, valid_rmse-0.6719, valid_pr-0.8191
2026-05-17 00:22:27 - INFO - epoch-47, train_loss-0.3402, train_rmse-0.5833, valid_rmse-0.6823, valid_pr-0.8214
2026-05-17 00:25:25 - INFO - epoch-48, train_loss-0.3381, train_rmse-0.5815, valid_rmse-0.6663, valid_pr-0.8217
2026-05-17 00:28:21 - INFO - epoch-49, train_loss-0.3329, train_rmse-0.5770, valid_rmse-0.6859, valid_pr-0.8159
2026-05-17 00:31:12 - INFO - epoch-50, train_loss-0.3311, train_rmse-0.5754, valid_rmse-0.6747, valid_pr-0.8219
2026-05-17 00:34:02 - INFO - epoch-51, train_loss-0.3295, train_rmse-0.5741, valid_rmse-0.6829, valid_pr-0.8168
2026-05-17 00:36:57 - INFO - epoch-52, train_loss-0.3250, train_rmse-0.5701, valid_rmse-0.6745, valid_pr-0.8211
2026-05-17 00:39:47 - INFO - epoch-53, train_loss-0.3232, train_rmse-0.5685, valid_rmse-0.6641, valid_pr-0.8224
2026-05-17 00:42:36 - INFO - epoch-54, train_loss-0.3210, train_rmse-0.5666, valid_rmse-0.6803, valid_pr-0.8179
2026-05-17 00:45:27 - INFO - epoch-55, train_loss-0.3198, train_rmse-0.5655, valid_rmse-0.6657, valid_pr-0.8243
2026-05-17 00:48:16 - INFO - epoch-56, train_loss-0.3163, train_rmse-0.5624, valid_rmse-0.6877, valid_pr-0.8195
2026-05-17 00:51:06 - INFO - epoch-57, train_loss-0.3143, train_rmse-0.5606, valid_rmse-0.6647, valid_pr-0.8241
2026-05-17 00:53:56 - INFO - epoch-58, train_loss-0.3130, train_rmse-0.5595, valid_rmse-0.6687, valid_pr-0.8241
2026-05-17 00:56:46 - INFO - epoch-59, train_loss-0.3090, train_rmse-0.5559, valid_rmse-0.6644, valid_pr-0.8246
2026-05-17 00:59:36 - INFO - epoch-60, train_loss-0.3063, train_rmse-0.5535, valid_rmse-0.6766, valid_pr-0.8195
2026-05-17 01:02:26 - INFO - epoch-61, train_loss-0.3051, train_rmse-0.5523, valid_rmse-0.6969, valid_pr-0.8192
2026-05-17 01:05:18 - INFO - epoch-62, train_loss-0.3039, train_rmse-0.5512, valid_rmse-0.6672, valid_pr-0.8218
2026-05-17 01:08:16 - INFO - epoch-63, train_loss-0.3020, train_rmse-0.5495, valid_rmse-0.6734, valid_pr-0.8197
2026-05-17 01:11:12 - INFO - epoch-64, train_loss-0.3000, train_rmse-0.5477, valid_rmse-0.6688, valid_pr-0.8236
2026-05-17 01:14:07 - INFO - epoch-65, train_loss-0.2968, train_rmse-0.5448, valid_rmse-0.6650, valid_pr-0.8236
2026-05-17 01:17:01 - INFO - epoch-66, train_loss-0.2965, train_rmse-0.5445, valid_rmse-0.6791, valid_pr-0.8173
2026-05-17 01:19:53 - INFO - epoch-67, train_loss-0.2956, train_rmse-0.5437, valid_rmse-0.6716, valid_pr-0.8183
2026-05-17 01:22:48 - INFO - epoch-68, train_loss-0.2946, train_rmse-0.5428, valid_rmse-0.6686, valid_pr-0.8236
2026-05-17 01:25:43 - INFO - epoch-69, train_loss-0.2895, train_rmse-0.5381, valid_rmse-0.6755, valid_pr-0.8264
2026-05-17 01:28:36 - INFO - epoch-70, train_loss-0.2891, train_rmse-0.5377, valid_rmse-0.6799, valid_pr-0.8212
2026-05-17 01:31:27 - INFO - epoch-71, train_loss-0.2855, train_rmse-0.5343, valid_rmse-0.6670, valid_pr-0.8223
2026-05-17 01:34:17 - INFO - epoch-72, train_loss-0.2865, train_rmse-0.5353, valid_rmse-0.6619, valid_pr-0.8268
2026-05-17 01:37:09 - INFO - epoch-73, train_loss-0.2863, train_rmse-0.5351, valid_rmse-0.6769, valid_pr-0.8191
2026-05-17 01:40:00 - INFO - epoch-74, train_loss-0.2835, train_rmse-0.5325, valid_rmse-0.6689, valid_pr-0.8250
2026-05-17 01:42:51 - INFO - epoch-75, train_loss-0.2834, train_rmse-0.5323, valid_rmse-0.6700, valid_pr-0.8225
2026-05-17 01:45:41 - INFO - epoch-76, train_loss-0.2777, train_rmse-0.5270, valid_rmse-0.6677, valid_pr-0.8221
2026-05-17 01:48:34 - INFO - epoch-77, train_loss-0.2774, train_rmse-0.5267, valid_rmse-0.6696, valid_pr-0.8224
2026-05-17 01:51:24 - INFO - epoch-78, train_loss-0.2782, train_rmse-0.5275, valid_rmse-0.6699, valid_pr-0.8217
2026-05-17 01:54:14 - INFO - epoch-79, train_loss-0.2771, train_rmse-0.5264, valid_rmse-0.6785, valid_pr-0.8190
2026-05-17 01:57:11 - INFO - epoch-80, train_loss-0.2759, train_rmse-0.5253, valid_rmse-0.6708, valid_pr-0.8241
2026-05-17 02:00:04 - INFO - epoch-81, train_loss-0.2740, train_rmse-0.5235, valid_rmse-0.6839, valid_pr-0.8225
2026-05-17 02:03:03 - INFO - epoch-82, train_loss-0.2724, train_rmse-0.5219, valid_rmse-0.6718, valid_pr-0.8181
2026-05-17 02:06:00 - INFO - epoch-83, train_loss-0.2716, train_rmse-0.5211, valid_rmse-0.6734, valid_pr-0.8213
2026-05-17 02:08:52 - INFO - epoch-84, train_loss-0.2697, train_rmse-0.5193, valid_rmse-0.6821, valid_pr-0.8203
2026-05-17 02:11:41 - INFO - epoch-85, train_loss-0.2717, train_rmse-0.5213, valid_rmse-0.6690, valid_pr-0.8253
2026-05-17 02:14:29 - INFO - epoch-86, train_loss-0.2690, train_rmse-0.5186, valid_rmse-0.6676, valid_pr-0.8251
2026-05-17 02:17:20 - INFO - epoch-87, train_loss-0.2675, train_rmse-0.5172, valid_rmse-0.6633, valid_pr-0.8258
2026-05-17 02:20:13 - INFO - epoch-88, train_loss-0.2665, train_rmse-0.5162, valid_rmse-0.6789, valid_pr-0.8266
2026-05-17 02:23:05 - INFO - epoch-89, train_loss-0.2645, train_rmse-0.5143, valid_rmse-0.6695, valid_pr-0.8238
2026-05-17 02:25:55 - INFO - epoch-90, train_loss-0.2628, train_rmse-0.5126, valid_rmse-0.6672, valid_pr-0.8222
2026-05-17 02:28:47 - INFO - epoch-91, train_loss-0.2623, train_rmse-0.5121, valid_rmse-0.6668, valid_pr-0.8241
2026-05-17 02:31:42 - INFO - epoch-92, train_loss-0.2637, train_rmse-0.5135, valid_rmse-0.6631, valid_pr-0.8253
2026-05-17 02:34:35 - INFO - epoch-93, train_loss-0.2614, train_rmse-0.5113, valid_rmse-0.6798, valid_pr-0.8260
2026-05-17 02:37:35 - INFO - epoch-94, train_loss-0.2597, train_rmse-0.5096, valid_rmse-0.6746, valid_pr-0.8247
2026-05-17 02:40:31 - INFO - epoch-95, train_loss-0.2585, train_rmse-0.5084, valid_rmse-0.6707, valid_pr-0.8257
2026-05-17 02:43:24 - INFO - epoch-96, train_loss-0.2587, train_rmse-0.5087, valid_rmse-0.6607, valid_pr-0.8268
2026-05-17 02:46:13 - INFO - epoch-97, train_loss-0.2567, train_rmse-0.5067, valid_rmse-0.6657, valid_pr-0.8234
2026-05-17 02:49:04 - INFO - epoch-98, train_loss-0.2568, train_rmse-0.5067, valid_rmse-0.6651, valid_pr-0.8271
2026-05-17 02:51:54 - INFO - epoch-99, train_loss-0.2547, train_rmse-0.5046, valid_rmse-0.6737, valid_pr-0.8254
2026-05-17 02:54:43 - INFO - epoch-100, train_loss-0.2528, train_rmse-0.5028, valid_rmse-0.6624, valid_pr-0.8256
2026-05-17 02:57:36 - INFO - epoch-101, train_loss-0.2541, train_rmse-0.5041, valid_rmse-0.6707, valid_pr-0.8242
2026-05-17 03:00:26 - INFO - epoch-102, train_loss-0.2515, train_rmse-0.5015, valid_rmse-0.6685, valid_pr-0.8217
2026-05-17 03:03:18 - INFO - epoch-103, train_loss-0.2531, train_rmse-0.5031, valid_rmse-0.6729, valid_pr-0.8245
2026-05-17 03:06:08 - INFO - epoch-104, train_loss-0.2520, train_rmse-0.5020, valid_rmse-0.6778, valid_pr-0.8214
2026-05-17 03:09:00 - INFO - epoch-105, train_loss-0.2491, train_rmse-0.4991, valid_rmse-0.6597, valid_pr-0.8298
2026-05-17 03:11:52 - INFO - epoch-106, train_loss-0.2494, train_rmse-0.4994, valid_rmse-0.6869, valid_pr-0.8185
2026-05-17 03:14:43 - INFO - epoch-107, train_loss-0.2490, train_rmse-0.4990, valid_rmse-0.6604, valid_pr-0.8241
2026-05-17 03:17:36 - INFO - epoch-108, train_loss-0.2493, train_rmse-0.4993, valid_rmse-0.6614, valid_pr-0.8245
2026-05-17 03:20:26 - INFO - epoch-109, train_loss-0.2455, train_rmse-0.4955, valid_rmse-0.6770, valid_pr-0.8213
2026-05-17 03:23:19 - INFO - epoch-110, train_loss-0.2469, train_rmse-0.4969, valid_rmse-0.6656, valid_pr-0.8248
2026-05-17 03:26:16 - INFO - epoch-111, train_loss-0.2459, train_rmse-0.4959, valid_rmse-0.6766, valid_pr-0.8196
2026-05-17 03:29:12 - INFO - epoch-112, train_loss-0.2444, train_rmse-0.4944, valid_rmse-0.6674, valid_pr-0.8219
2026-05-17 03:32:03 - INFO - epoch-113, train_loss-0.2437, train_rmse-0.4936, valid_rmse-0.6887, valid_pr-0.8141
2026-05-17 03:34:54 - INFO - epoch-114, train_loss-0.2412, train_rmse-0.4912, valid_rmse-0.6770, valid_pr-0.8207
2026-05-17 03:37:45 - INFO - epoch-115, train_loss-0.2417, train_rmse-0.4916, valid_rmse-0.6800, valid_pr-0.8204
2026-05-17 03:40:39 - INFO - epoch-116, train_loss-0.2404, train_rmse-0.4904, valid_rmse-0.6658, valid_pr-0.8273
2026-05-17 03:43:33 - INFO - epoch-117, train_loss-0.2394, train_rmse-0.4892, valid_rmse-0.6807, valid_pr-0.8194
2026-05-17 03:46:30 - INFO - epoch-118, train_loss-0.2397, train_rmse-0.4896, valid_rmse-0.6704, valid_pr-0.8238
2026-05-17 03:49:21 - INFO - epoch-119, train_loss-0.2388, train_rmse-0.4887, valid_rmse-0.6805, valid_pr-0.8249
2026-05-17 03:52:13 - INFO - epoch-120, train_loss-0.2388, train_rmse-0.4887, valid_rmse-0.6748, valid_pr-0.8198
2026-05-17 03:55:05 - INFO - epoch-121, train_loss-0.2386, train_rmse-0.4885, valid_rmse-0.6629, valid_pr-0.8249
2026-05-17 03:57:56 - INFO - epoch-122, train_loss-0.2376, train_rmse-0.4874, valid_rmse-0.6667, valid_pr-0.8248
2026-05-17 04:00:48 - INFO - epoch-123, train_loss-0.2360, train_rmse-0.4858, valid_rmse-0.6642, valid_pr-0.8238
2026-05-17 04:03:38 - INFO - epoch-124, train_loss-0.2361, train_rmse-0.4859, valid_rmse-0.6652, valid_pr-0.8247
2026-05-17 04:06:30 - INFO - epoch-125, train_loss-0.2366, train_rmse-0.4864, valid_rmse-0.6695, valid_pr-0.8244
2026-05-17 04:09:21 - INFO - epoch-126, train_loss-0.2342, train_rmse-0.4839, valid_rmse-0.6688, valid_pr-0.8210
2026-05-17 04:12:12 - INFO - epoch-127, train_loss-0.2362, train_rmse-0.4860, valid_rmse-0.6634, valid_pr-0.8273
2026-05-17 04:15:05 - INFO - epoch-128, train_loss-0.2332, train_rmse-0.4829, valid_rmse-0.6703, valid_pr-0.8250
2026-05-17 04:17:58 - INFO - epoch-129, train_loss-0.2339, train_rmse-0.4836, valid_rmse-0.6690, valid_pr-0.8240
2026-05-17 04:20:48 - INFO - epoch-130, train_loss-0.2327, train_rmse-0.4824, valid_rmse-0.6793, valid_pr-0.8202
2026-05-17 04:23:43 - INFO - epoch-131, train_loss-0.2317, train_rmse-0.4813, valid_rmse-0.6639, valid_pr-0.8280
2026-05-17 04:26:36 - INFO - epoch-132, train_loss-0.2307, train_rmse-0.4803, valid_rmse-0.6670, valid_pr-0.8257
2026-05-17 04:29:26 - INFO - epoch-133, train_loss-0.2326, train_rmse-0.4823, valid_rmse-0.6588, valid_pr-0.8258
2026-05-17 04:32:17 - INFO - epoch-134, train_loss-0.2294, train_rmse-0.4789, valid_rmse-0.6637, valid_pr-0.8265
2026-05-17 04:35:12 - INFO - epoch-135, train_loss-0.2311, train_rmse-0.4808, valid_rmse-0.6613, valid_pr-0.8258
2026-05-17 04:38:04 - INFO - epoch-136, train_loss-0.2304, train_rmse-0.4800, valid_rmse-0.6625, valid_pr-0.8284
2026-05-17 04:40:57 - INFO - epoch-137, train_loss-0.2291, train_rmse-0.4787, valid_rmse-0.6681, valid_pr-0.8249
2026-05-17 04:43:49 - INFO - epoch-138, train_loss-0.2283, train_rmse-0.4778, valid_rmse-0.6717, valid_pr-0.8227
2026-05-17 04:46:41 - INFO - epoch-139, train_loss-0.2275, train_rmse-0.4770, valid_rmse-0.6730, valid_pr-0.8248
2026-05-17 04:49:36 - INFO - epoch-140, train_loss-0.2283, train_rmse-0.4778, valid_rmse-0.6745, valid_pr-0.8219
2026-05-17 04:52:26 - INFO - epoch-141, train_loss-0.2257, train_rmse-0.4750, valid_rmse-0.6735, valid_pr-0.8243
2026-05-17 04:55:18 - INFO - epoch-142, train_loss-0.2256, train_rmse-0.4750, valid_rmse-0.6664, valid_pr-0.8249
2026-05-17 04:58:12 - INFO - epoch-143, train_loss-0.2251, train_rmse-0.4744, valid_rmse-0.6779, valid_pr-0.8240
2026-05-17 05:01:08 - INFO - epoch-144, train_loss-0.2246, train_rmse-0.4739, valid_rmse-0.6679, valid_pr-0.8242
2026-05-17 05:04:01 - INFO - epoch-145, train_loss-0.2261, train_rmse-0.4755, valid_rmse-0.6706, valid_pr-0.8246
2026-05-17 05:06:53 - INFO - epoch-146, train_loss-0.2247, train_rmse-0.4741, valid_rmse-0.6768, valid_pr-0.8211
2026-05-17 05:09:43 - INFO - epoch-147, train_loss-0.2247, train_rmse-0.4740, valid_rmse-0.6713, valid_pr-0.8217
2026-05-17 05:12:37 - INFO - epoch-148, train_loss-0.2230, train_rmse-0.4722, valid_rmse-0.6778, valid_pr-0.8207
2026-05-17 05:15:29 - INFO - epoch-149, train_loss-0.2219, train_rmse-0.4711, valid_rmse-0.6608, valid_pr-0.8268
2026-05-17 05:18:27 - INFO - epoch-150, train_loss-0.2211, train_rmse-0.4702, valid_rmse-0.6868, valid_pr-0.8196
2026-05-17 05:21:26 - INFO - epoch-151, train_loss-0.2218, train_rmse-0.4709, valid_rmse-0.6567, valid_pr-0.8276
2026-05-17 05:24:21 - INFO - epoch-152, train_loss-0.2223, train_rmse-0.4715, valid_rmse-0.6674, valid_pr-0.8257
2026-05-17 05:27:17 - INFO - epoch-153, train_loss-0.2212, train_rmse-0.4703, valid_rmse-0.6807, valid_pr-0.8234
2026-05-17 05:30:10 - INFO - epoch-154, train_loss-0.2195, train_rmse-0.4685, valid_rmse-0.6778, valid_pr-0.8191
2026-05-17 05:33:05 - INFO - epoch-155, train_loss-0.2194, train_rmse-0.4685, valid_rmse-0.6756, valid_pr-0.8226
2026-05-17 05:35:57 - INFO - epoch-156, train_loss-0.2201, train_rmse-0.4692, valid_rmse-0.6760, valid_pr-0.8213
2026-05-17 05:38:49 - INFO - epoch-157, train_loss-0.2179, train_rmse-0.4668, valid_rmse-0.6809, valid_pr-0.8195
2026-05-17 05:41:41 - INFO - epoch-158, train_loss-0.2204, train_rmse-0.4694, valid_rmse-0.6762, valid_pr-0.8225
2026-05-17 05:44:29 - INFO - epoch-159, train_loss-0.2192, train_rmse-0.4682, valid_rmse-0.6732, valid_pr-0.8208
2026-05-17 05:47:17 - INFO - epoch-160, train_loss-0.2173, train_rmse-0.4662, valid_rmse-0.6659, valid_pr-0.8258
2026-05-17 05:50:06 - INFO - epoch-161, train_loss-0.2179, train_rmse-0.4668, valid_rmse-0.6748, valid_pr-0.8223
2026-05-17 05:52:54 - INFO - epoch-162, train_loss-0.2167, train_rmse-0.4655, valid_rmse-0.6771, valid_pr-0.8206
2026-05-17 05:55:41 - INFO - epoch-163, train_loss-0.2180, train_rmse-0.4669, valid_rmse-0.6638, valid_pr-0.8257
2026-05-17 05:58:31 - INFO - epoch-164, train_loss-0.2159, train_rmse-0.4646, valid_rmse-0.6640, valid_pr-0.8259
2026-05-17 06:01:21 - INFO - epoch-165, train_loss-0.2170, train_rmse-0.4659, valid_rmse-0.6748, valid_pr-0.8245
2026-05-17 06:04:09 - INFO - epoch-166, train_loss-0.2171, train_rmse-0.4659, valid_rmse-0.6596, valid_pr-0.8265
2026-05-17 06:06:58 - INFO - epoch-167, train_loss-0.2167, train_rmse-0.4655, valid_rmse-0.6627, valid_pr-0.8254
2026-05-17 06:09:46 - INFO - epoch-168, train_loss-0.2157, train_rmse-0.4645, valid_rmse-0.6864, valid_pr-0.8249
2026-05-17 06:12:36 - INFO - epoch-169, train_loss-0.2155, train_rmse-0.4642, valid_rmse-0.6633, valid_pr-0.8267
2026-05-17 06:15:27 - INFO - epoch-170, train_loss-0.2158, train_rmse-0.4646, valid_rmse-0.6708, valid_pr-0.8266
2026-05-17 06:18:18 - INFO - epoch-171, train_loss-0.2140, train_rmse-0.4626, valid_rmse-0.6617, valid_pr-0.8289
2026-05-17 06:21:12 - INFO - epoch-172, train_loss-0.2143, train_rmse-0.4630, valid_rmse-0.6750, valid_pr-0.8250
2026-05-17 06:24:05 - INFO - epoch-173, train_loss-0.2116, train_rmse-0.4600, valid_rmse-0.6638, valid_pr-0.8267
2026-05-17 06:27:00 - INFO - epoch-174, train_loss-0.2126, train_rmse-0.4611, valid_rmse-0.6730, valid_pr-0.8225
2026-05-17 06:29:50 - INFO - epoch-175, train_loss-0.2134, train_rmse-0.4620, valid_rmse-0.6663, valid_pr-0.8271
2026-05-17 06:32:44 - INFO - epoch-176, train_loss-0.2132, train_rmse-0.4617, valid_rmse-0.6744, valid_pr-0.8239
2026-05-17 06:35:35 - INFO - epoch-177, train_loss-0.2131, train_rmse-0.4616, valid_rmse-0.6689, valid_pr-0.8245
2026-05-17 06:38:26 - INFO - epoch-178, train_loss-0.2103, train_rmse-0.4586, valid_rmse-0.6718, valid_pr-0.8225
2026-05-17 06:41:17 - INFO - epoch-179, train_loss-0.2110, train_rmse-0.4593, valid_rmse-0.6701, valid_pr-0.8301
2026-05-17 06:44:08 - INFO - epoch-180, train_loss-0.2125, train_rmse-0.4610, valid_rmse-0.6741, valid_pr-0.8251
2026-05-17 06:46:57 - INFO - epoch-181, train_loss-0.2082, train_rmse-0.4562, valid_rmse-0.6609, valid_pr-0.8271
2026-05-17 06:49:49 - INFO - epoch-182, train_loss-0.2098, train_rmse-0.4580, valid_rmse-0.6585, valid_pr-0.8291
2026-05-17 06:52:41 - INFO - epoch-183, train_loss-0.2080, train_rmse-0.4561, valid_rmse-0.6820, valid_pr-0.8237
2026-05-17 06:55:29 - INFO - epoch-184, train_loss-0.2088, train_rmse-0.4569, valid_rmse-0.6743, valid_pr-0.8248
2026-05-17 06:58:18 - INFO - epoch-185, train_loss-0.2090, train_rmse-0.4571, valid_rmse-0.6630, valid_pr-0.8255
2026-05-17 07:01:09 - INFO - epoch-186, train_loss-0.2074, train_rmse-0.4554, valid_rmse-0.6654, valid_pr-0.8245
2026-05-17 07:03:57 - INFO - epoch-187, train_loss-0.2088, train_rmse-0.4569, valid_rmse-0.6575, valid_pr-0.8274
2026-05-17 07:06:46 - INFO - epoch-188, train_loss-0.2064, train_rmse-0.4543, valid_rmse-0.6748, valid_pr-0.8208
2026-05-17 07:09:33 - INFO - epoch-189, train_loss-0.2091, train_rmse-0.4573, valid_rmse-0.6718, valid_pr-0.8255
2026-05-17 07:12:23 - INFO - epoch-190, train_loss-0.2076, train_rmse-0.4556, valid_rmse-0.6611, valid_pr-0.8271
2026-05-17 07:15:11 - INFO - epoch-191, train_loss-0.2072, train_rmse-0.4552, valid_rmse-0.6608, valid_pr-0.8268
2026-05-17 07:17:58 - INFO - epoch-192, train_loss-0.2069, train_rmse-0.4548, valid_rmse-0.6644, valid_pr-0.8249
2026-05-17 07:20:44 - INFO - epoch-193, train_loss-0.2067, train_rmse-0.4546, valid_rmse-0.6729, valid_pr-0.8219
2026-05-17 07:23:30 - INFO - epoch-194, train_loss-0.2059, train_rmse-0.4538, valid_rmse-0.6723, valid_pr-0.8237
2026-05-17 07:26:18 - INFO - epoch-195, train_loss-0.2059, train_rmse-0.4537, valid_rmse-0.6759, valid_pr-0.8203
2026-05-17 07:29:03 - INFO - epoch-196, train_loss-0.2041, train_rmse-0.4518, valid_rmse-0.6650, valid_pr-0.8250
2026-05-17 07:31:50 - INFO - epoch-197, train_loss-0.2059, train_rmse-0.4537, valid_rmse-0.6657, valid_pr-0.8259
2026-05-17 07:34:36 - INFO - epoch-198, train_loss-0.2060, train_rmse-0.4538, valid_rmse-0.6785, valid_pr-0.8266
2026-05-17 07:37:25 - INFO - epoch-199, train_loss-0.2056, train_rmse-0.4535, valid_rmse-0.6655, valid_pr-0.8282
2026-05-17 07:40:12 - INFO - epoch-200, train_loss-0.2053, train_rmse-0.4531, valid_rmse-0.6725, valid_pr-0.8254
2026-05-17 07:42:59 - INFO - epoch-201, train_loss-0.2030, train_rmse-0.4506, valid_rmse-0.6633, valid_pr-0.8285
2026-05-17 07:45:48 - INFO - epoch-202, train_loss-0.2033, train_rmse-0.4509, valid_rmse-0.6666, valid_pr-0.8282
2026-05-17 07:48:37 - INFO - epoch-203, train_loss-0.2047, train_rmse-0.4524, valid_rmse-0.6773, valid_pr-0.8247
2026-05-17 07:51:26 - INFO - epoch-204, train_loss-0.2021, train_rmse-0.4495, valid_rmse-0.6620, valid_pr-0.8279
2026-05-17 07:54:15 - INFO - epoch-205, train_loss-0.2033, train_rmse-0.4509, valid_rmse-0.6680, valid_pr-0.8261
2026-05-17 07:57:05 - INFO - epoch-206, train_loss-0.2025, train_rmse-0.4500, valid_rmse-0.6666, valid_pr-0.8263
2026-05-17 07:59:58 - INFO - epoch-207, train_loss-0.2011, train_rmse-0.4484, valid_rmse-0.6674, valid_pr-0.8286
2026-05-17 08:02:49 - INFO - epoch-208, train_loss-0.2038, train_rmse-0.4515, valid_rmse-0.6655, valid_pr-0.8260
2026-05-17 08:05:43 - INFO - epoch-209, train_loss-0.2028, train_rmse-0.4504, valid_rmse-0.6767, valid_pr-0.8214
2026-05-17 08:08:38 - INFO - epoch-210, train_loss-0.2022, train_rmse-0.4496, valid_rmse-0.6730, valid_pr-0.8250
2026-05-17 08:11:30 - INFO - epoch-211, train_loss-0.2011, train_rmse-0.4485, valid_rmse-0.6547, valid_pr-0.8291
2026-05-17 08:14:25 - INFO - epoch-212, train_loss-0.2011, train_rmse-0.4485, valid_rmse-0.6594, valid_pr-0.8288
2026-05-17 08:17:21 - INFO - epoch-213, train_loss-0.1998, train_rmse-0.4470, valid_rmse-0.6599, valid_pr-0.8279
2026-05-17 08:20:15 - INFO - epoch-214, train_loss-0.1979, train_rmse-0.4449, valid_rmse-0.6540, valid_pr-0.8292
2026-05-17 08:23:04 - INFO - epoch-215, train_loss-0.2008, train_rmse-0.4481, valid_rmse-0.6723, valid_pr-0.8227
2026-05-17 08:25:56 - INFO - epoch-216, train_loss-0.2022, train_rmse-0.4496, valid_rmse-0.6575, valid_pr-0.8272
2026-05-17 08:28:45 - INFO - epoch-217, train_loss-0.1996, train_rmse-0.4467, valid_rmse-0.6578, valid_pr-0.8288
2026-05-17 08:31:36 - INFO - epoch-218, train_loss-0.1979, train_rmse-0.4448, valid_rmse-0.6716, valid_pr-0.8257
2026-05-17 08:34:27 - INFO - epoch-219, train_loss-0.2005, train_rmse-0.4478, valid_rmse-0.6713, valid_pr-0.8234
2026-05-17 08:37:19 - INFO - epoch-220, train_loss-0.1979, train_rmse-0.4449, valid_rmse-0.6659, valid_pr-0.8261
2026-05-17 08:40:15 - INFO - epoch-221, train_loss-0.1998, train_rmse-0.4469, valid_rmse-0.6708, valid_pr-0.8257
2026-05-17 08:43:09 - INFO - epoch-222, train_loss-0.1988, train_rmse-0.4458, valid_rmse-0.6663, valid_pr-0.8286
2026-05-17 08:45:57 - INFO - epoch-223, train_loss-0.1989, train_rmse-0.4460, valid_rmse-0.6654, valid_pr-0.8284
2026-05-17 08:48:51 - INFO - epoch-224, train_loss-0.1982, train_rmse-0.4452, valid_rmse-0.6550, valid_pr-0.8312
2026-05-17 08:51:50 - INFO - epoch-225, train_loss-0.1966, train_rmse-0.4434, valid_rmse-0.6639, valid_pr-0.8274
2026-05-17 08:54:46 - INFO - epoch-226, train_loss-0.1982, train_rmse-0.4452, valid_rmse-0.6608, valid_pr-0.8289
2026-05-17 08:57:41 - INFO - epoch-227, train_loss-0.1972, train_rmse-0.4440, valid_rmse-0.6581, valid_pr-0.8295
2026-05-17 09:00:35 - INFO - epoch-228, train_loss-0.1975, train_rmse-0.4445, valid_rmse-0.6614, valid_pr-0.8279
2026-05-17 09:03:33 - INFO - epoch-229, train_loss-0.1945, train_rmse-0.4410, valid_rmse-0.6558, valid_pr-0.8287
2026-05-17 09:06:30 - INFO - epoch-230, train_loss-0.1951, train_rmse-0.4417, valid_rmse-0.6657, valid_pr-0.8247
2026-05-17 09:09:25 - INFO - epoch-231, train_loss-0.1965, train_rmse-0.4433, valid_rmse-0.6627, valid_pr-0.8261
2026-05-17 09:12:18 - INFO - epoch-232, train_loss-0.1950, train_rmse-0.4416, valid_rmse-0.6754, valid_pr-0.8251
2026-05-17 09:15:13 - INFO - epoch-233, train_loss-0.1947, train_rmse-0.4412, valid_rmse-0.6818, valid_pr-0.8239
2026-05-17 09:18:06 - INFO - epoch-234, train_loss-0.1956, train_rmse-0.4423, valid_rmse-0.6609, valid_pr-0.8260
2026-05-17 09:21:03 - INFO - epoch-235, train_loss-0.1954, train_rmse-0.4420, valid_rmse-0.6850, valid_pr-0.8186
2026-05-17 09:23:59 - INFO - epoch-236, train_loss-0.1947, train_rmse-0.4413, valid_rmse-0.6606, valid_pr-0.8279
2026-05-17 09:26:56 - INFO - epoch-237, train_loss-0.1942, train_rmse-0.4407, valid_rmse-0.6704, valid_pr-0.8238
2026-05-17 09:29:47 - INFO - epoch-238, train_loss-0.1940, train_rmse-0.4404, valid_rmse-0.6694, valid_pr-0.8288
2026-05-17 09:32:36 - INFO - epoch-239, train_loss-0.1936, train_rmse-0.4400, valid_rmse-0.6671, valid_pr-0.8261
2026-05-17 09:35:25 - INFO - epoch-240, train_loss-0.1932, train_rmse-0.4396, valid_rmse-0.6733, valid_pr-0.8213
2026-05-17 09:38:17 - INFO - epoch-241, train_loss-0.1934, train_rmse-0.4398, valid_rmse-0.6821, valid_pr-0.8224
2026-05-17 09:41:07 - INFO - epoch-242, train_loss-0.1939, train_rmse-0.4403, valid_rmse-0.6626, valid_pr-0.8245
2026-05-17 09:44:08 - INFO - epoch-243, train_loss-0.1939, train_rmse-0.4403, valid_rmse-0.6711, valid_pr-0.8260
2026-05-17 09:47:18 - INFO - epoch-244, train_loss-0.1946, train_rmse-0.4411, valid_rmse-0.6637, valid_pr-0.8244
2026-05-17 09:50:24 - INFO - epoch-245, train_loss-0.1916, train_rmse-0.4377, valid_rmse-0.6731, valid_pr-0.8245
2026-05-17 09:53:29 - INFO - epoch-246, train_loss-0.1933, train_rmse-0.4397, valid_rmse-0.6755, valid_pr-0.8223
2026-05-17 09:56:38 - INFO - epoch-247, train_loss-0.1920, train_rmse-0.4382, valid_rmse-0.6689, valid_pr-0.8260
2026-05-17 10:00:29 - INFO - epoch-248, train_loss-0.1926, train_rmse-0.4389, valid_rmse-0.6636, valid_pr-0.8236
2026-05-17 10:04:06 - INFO - epoch-249, train_loss-0.1930, train_rmse-0.4394, valid_rmse-0.6589, valid_pr-0.8263
2026-05-17 10:07:43 - INFO - epoch-250, train_loss-0.1917, train_rmse-0.4378, valid_rmse-0.6615, valid_pr-0.8249
2026-05-17 10:11:21 - INFO - epoch-251, train_loss-0.1926, train_rmse-0.4389, valid_rmse-0.6702, valid_pr-0.8241
2026-05-17 10:15:00 - INFO - epoch-252, train_loss-0.1926, train_rmse-0.4388, valid_rmse-0.6654, valid_pr-0.8266
2026-05-17 10:18:41 - INFO - epoch-253, train_loss-0.1910, train_rmse-0.4371, valid_rmse-0.6608, valid_pr-0.8254
2026-05-17 10:22:21 - INFO - epoch-254, train_loss-0.1921, train_rmse-0.4383, valid_rmse-0.6668, valid_pr-0.8252
2026-05-17 10:26:01 - INFO - epoch-255, train_loss-0.1914, train_rmse-0.4375, valid_rmse-0.6641, valid_pr-0.8256
2026-05-17 10:29:40 - INFO - epoch-256, train_loss-0.1921, train_rmse-0.4383, valid_rmse-0.6727, valid_pr-0.8229
2026-05-17 10:33:20 - INFO - epoch-257, train_loss-0.1893, train_rmse-0.4351, valid_rmse-0.6683, valid_pr-0.8243
2026-05-17 10:37:07 - INFO - epoch-258, train_loss-0.1909, train_rmse-0.4370, valid_rmse-0.6625, valid_pr-0.8258
2026-05-17 10:40:57 - INFO - epoch-259, train_loss-0.1893, train_rmse-0.4351, valid_rmse-0.6647, valid_pr-0.8248
2026-05-17 10:44:44 - INFO - epoch-260, train_loss-0.1906, train_rmse-0.4365, valid_rmse-0.6779, valid_pr-0.8217
2026-05-17 10:48:27 - INFO - epoch-261, train_loss-0.1905, train_rmse-0.4365, valid_rmse-0.6641, valid_pr-0.8245
2026-05-17 10:52:06 - INFO - epoch-262, train_loss-0.1888, train_rmse-0.4345, valid_rmse-0.6729, valid_pr-0.8217
2026-05-17 10:55:46 - INFO - epoch-263, train_loss-0.1910, train_rmse-0.4370, valid_rmse-0.6795, valid_pr-0.8224
2026-05-17 10:59:32 - INFO - epoch-264, train_loss-0.1896, train_rmse-0.4354, valid_rmse-0.6708, valid_pr-0.8265
2026-05-17 11:03:26 - INFO - epoch-265, train_loss-0.1889, train_rmse-0.4346, valid_rmse-0.6757, valid_pr-0.8213
2026-05-17 11:07:14 - INFO - epoch-266, train_loss-0.1882, train_rmse-0.4339, valid_rmse-0.6621, valid_pr-0.8252
2026-05-17 11:10:58 - INFO - epoch-267, train_loss-0.1896, train_rmse-0.4355, valid_rmse-0.6625, valid_pr-0.8252
2026-05-17 11:14:41 - INFO - epoch-268, train_loss-0.1891, train_rmse-0.4349, valid_rmse-0.6599, valid_pr-0.8244
2026-05-17 11:18:27 - INFO - epoch-269, train_loss-0.1872, train_rmse-0.4327, valid_rmse-0.6651, valid_pr-0.8254
2026-05-17 11:22:01 - INFO - epoch-270, train_loss-0.1892, train_rmse-0.4350, valid_rmse-0.6656, valid_pr-0.8287
2026-05-17 11:25:33 - INFO - epoch-271, train_loss-0.1895, train_rmse-0.4354, valid_rmse-0.6694, valid_pr-0.8201
2026-05-17 11:29:06 - INFO - epoch-272, train_loss-0.1874, train_rmse-0.4328, valid_rmse-0.6599, valid_pr-0.8268
2026-05-17 11:32:39 - INFO - epoch-273, train_loss-0.1870, train_rmse-0.4325, valid_rmse-0.6602, valid_pr-0.8262
2026-05-17 11:36:11 - INFO - epoch-274, train_loss-0.1868, train_rmse-0.4322, valid_rmse-0.6675, valid_pr-0.8247
2026-05-17 11:39:50 - INFO - epoch-275, train_loss-0.1862, train_rmse-0.4316, valid_rmse-0.6725, valid_pr-0.8266
2026-05-17 11:43:28 - INFO - epoch-276, train_loss-0.1872, train_rmse-0.4327, valid_rmse-0.6735, valid_pr-0.8224
2026-05-17 11:47:00 - INFO - epoch-277, train_loss-0.1877, train_rmse-0.4333, valid_rmse-0.6670, valid_pr-0.8258
2026-05-17 11:50:42 - INFO - epoch-278, train_loss-0.1861, train_rmse-0.4314, valid_rmse-0.6635, valid_pr-0.8268
2026-05-17 11:54:25 - INFO - epoch-279, train_loss-0.1869, train_rmse-0.4323, valid_rmse-0.6646, valid_pr-0.8256
2026-05-17 11:58:03 - INFO - epoch-280, train_loss-0.1866, train_rmse-0.4319, valid_rmse-0.6593, valid_pr-0.8266
2026-05-17 12:01:39 - INFO - epoch-281, train_loss-0.1874, train_rmse-0.4329, valid_rmse-0.6674, valid_pr-0.8242
2026-05-17 12:05:15 - INFO - epoch-282, train_loss-0.1858, train_rmse-0.4310, valid_rmse-0.6662, valid_pr-0.8276
2026-05-17 12:08:50 - INFO - epoch-283, train_loss-0.1870, train_rmse-0.4325, valid_rmse-0.6627, valid_pr-0.8255
2026-05-17 12:12:24 - INFO - epoch-284, train_loss-0.1867, train_rmse-0.4320, valid_rmse-0.6638, valid_pr-0.8250
2026-05-17 12:15:59 - INFO - epoch-285, train_loss-0.1851, train_rmse-0.4302, valid_rmse-0.6621, valid_pr-0.8247
2026-05-17 12:19:38 - INFO - epoch-286, train_loss-0.1832, train_rmse-0.4280, valid_rmse-0.6690, valid_pr-0.8258
2026-05-17 12:23:14 - INFO - epoch-287, train_loss-0.1863, train_rmse-0.4316, valid_rmse-0.6703, valid_pr-0.8276
2026-05-17 12:26:52 - INFO - epoch-288, train_loss-0.1849, train_rmse-0.4300, valid_rmse-0.6681, valid_pr-0.8233
2026-05-17 12:30:31 - INFO - epoch-289, train_loss-0.1859, train_rmse-0.4311, valid_rmse-0.6681, valid_pr-0.8236
2026-05-17 12:34:20 - INFO - epoch-290, train_loss-0.1851, train_rmse-0.4303, valid_rmse-0.6686, valid_pr-0.8228
2026-05-17 12:38:05 - INFO - epoch-291, train_loss-0.1862, train_rmse-0.4315, valid_rmse-0.6648, valid_pr-0.8257
2026-05-17 12:41:47 - INFO - epoch-292, train_loss-0.1845, train_rmse-0.4295, valid_rmse-0.6789, valid_pr-0.8209
2026-05-17 12:45:29 - INFO - epoch-293, train_loss-0.1856, train_rmse-0.4308, valid_rmse-0.6796, valid_pr-0.8215
2026-05-17 12:49:11 - INFO - epoch-294, train_loss-0.1837, train_rmse-0.4286, valid_rmse-0.6696, valid_pr-0.8269
2026-05-17 12:52:54 - INFO - epoch-295, train_loss-0.1836, train_rmse-0.4285, valid_rmse-0.6803, valid_pr-0.8239
2026-05-17 12:56:34 - INFO - epoch-296, train_loss-0.1839, train_rmse-0.4288, valid_rmse-0.6820, valid_pr-0.8178
2026-05-17 13:00:16 - INFO - epoch-297, train_loss-0.1839, train_rmse-0.4288, valid_rmse-0.6718, valid_pr-0.8214
2026-05-17 13:03:52 - INFO - epoch-298, train_loss-0.1847, train_rmse-0.4298, valid_rmse-0.6635, valid_pr-0.8265
2026-05-17 13:07:16 - INFO - epoch-299, train_loss-0.1838, train_rmse-0.4287, valid_rmse-0.6697, valid_pr-0.8261
2026-05-17 13:10:11 - INFO - epoch-300, train_loss-0.1831, train_rmse-0.4279, valid_rmse-0.6635, valid_pr-0.8240
2026-05-17 13:13:06 - INFO - epoch-301, train_loss-0.1851, train_rmse-0.4303, valid_rmse-0.6663, valid_pr-0.8239
2026-05-17 13:16:01 - INFO - epoch-302, train_loss-0.1859, train_rmse-0.4312, valid_rmse-0.6662, valid_pr-0.8280
2026-05-17 13:18:57 - INFO - epoch-303, train_loss-0.1826, train_rmse-0.4274, valid_rmse-0.6682, valid_pr-0.8239
2026-05-17 13:21:49 - INFO - epoch-304, train_loss-0.1835, train_rmse-0.4283, valid_rmse-0.6716, valid_pr-0.8235
2026-05-17 13:24:44 - INFO - epoch-305, train_loss-0.1822, train_rmse-0.4268, valid_rmse-0.6732, valid_pr-0.8199
2026-05-17 13:27:39 - INFO - epoch-306, train_loss-0.1811, train_rmse-0.4256, valid_rmse-0.6762, valid_pr-0.8199
2026-05-17 13:30:33 - INFO - epoch-307, train_loss-0.1831, train_rmse-0.4279, valid_rmse-0.6786, valid_pr-0.8224
2026-05-17 13:33:21 - INFO - epoch-308, train_loss-0.1827, train_rmse-0.4275, valid_rmse-0.6729, valid_pr-0.8214
2026-05-17 13:36:12 - INFO - epoch-309, train_loss-0.1829, train_rmse-0.4277, valid_rmse-0.6734, valid_pr-0.8220
2026-05-17 13:39:07 - INFO - epoch-310, train_loss-0.1830, train_rmse-0.4278, valid_rmse-0.6755, valid_pr-0.8256
2026-05-17 13:42:05 - INFO - epoch-311, train_loss-0.1819, train_rmse-0.4265, valid_rmse-0.6649, valid_pr-0.8250
2026-05-17 13:44:53 - INFO - epoch-312, train_loss-0.1804, train_rmse-0.4248, valid_rmse-0.6620, valid_pr-0.8273
2026-05-17 13:47:42 - INFO - epoch-313, train_loss-0.1810, train_rmse-0.4254, valid_rmse-0.6805, valid_pr-0.8222
2026-05-17 13:50:31 - INFO - epoch-314, train_loss-0.1821, train_rmse-0.4267, valid_rmse-0.6711, valid_pr-0.8234
2026-05-17 13:53:22 - INFO - epoch-315, train_loss-0.1802, train_rmse-0.4245, valid_rmse-0.6630, valid_pr-0.8253
2026-05-17 13:53:22 - INFO - early stop in epoch 315
2026-05-17 13:53:22 - INFO - best_rmse: 0.6540
2026-05-17 13:58:11 - INFO - valid_rmse-0.6540, valid_pr-0.8292, test_rmse-0.7635, test_pr-0.7649
2026-05-17 13:58:11 - INFO - Test predictions saved to ./model/20260516_213822_GIGN_repeat0/model/test_predictions.csv
